# JRE version: OpenJDK Runtime Environment (8.0_242-b01) (build 1.8.0_242-release-1644-b01)
# Java VM: OpenJDK 64-Bit Server VM (25.242-b01 mixed mode windows-amd64 compressed oops)
Heap:
 PSYoungGen      total 566784K, used 194055K [0x00000000d5580000, 0x0000000100000000, 0x0000000100000000)
  eden space 443904K, 42% used [0x00000000d5580000,0x00000000e0e4fef8,0x00000000f0700000)
  from space 122880K, 3% used [0x00000000f0700000,0x00000000f0bb1ef0,0x00000000f7f00000)
  to   space 122368K, 0% used [0x00000000f8880000,0x00000000f8880000,0x0000000100000000)
 ParOldGen       total 317440K, used 124880K [0x0000000080000000, 0x0000000093600000, 0x00000000d5580000)
  object space 317440K, 39% used [0x0000000080000000,0x00000000879f41a0,0x0000000093600000)
 Metaspace       used 175548K, capacity 187250K, committed 189720K, reserved 1214464K
  class space    used 22638K, capacity 24626K, committed 25128K, reserved 1048576K
GC Heap History (10 events):
Event: 2049.655 GC heap before
{Heap before GC invocations=31 (full 5):
 PSYoungGen      total 580096K, used 580081K [0x00000000d5580000, 0x0000000100000000, 0x0000000100000000)
  eden space 514560K, 100% used [0x00000000d5580000,0x00000000f4c00000,0x00000000f4c00000)
  from space 65536K, 99% used [0x00000000f4c00000,0x00000000f8bfc650,0x00000000f8c00000)
  to   space 97280K, 0% used [0x00000000fa100000,0x00000000fa100000,0x0000000100000000)
 ParOldGen       total 352256K, used 185475K [0x0000000080000000, 0x0000000095800000, 0x00000000d5580000)
  object space 352256K, 52% used [0x0000000080000000,0x000000008b520c28,0x0000000095800000)
 Metaspace       used 168197K, capacity 179530K, committed 179608K, reserved 1204224K
  class space    used 21953K, capacity 23958K, committed 23976K, reserved 1048576K
Event: 2050.977 GC heap after
Heap after GC invocations=31 (full 5):
 PSYoungGen      total 532992K, used 97270K [0x00000000d5580000, 0x0000000100000000, 0x0000000100000000)
  eden space 435712K, 0% used [0x00000000d5580000,0x00000000d5580000,0x00000000eff00000)
  from space 97280K, 99% used [0x00000000fa100000,0x00000000ffffd9e0,0x0000000100000000)
  to   space 131584K, 0% used [0x00000000eff00000,0x00000000eff00000,0x00000000f7f80000)
 ParOldGen       total 352256K, used 235808K [0x0000000080000000, 0x0000000095800000, 0x00000000d5580000)
  object space 352256K, 66% used [0x0000000080000000,0x000000008e648020,0x0000000095800000)
 Metaspace       used 168197K, capacity 179530K, committed 179608K, reserved 1204224K
  class space    used 21953K, capacity 23958K, committed 23976K, reserved 1048576K
}
Event: 2153.959 GC heap before
{Heap before GC invocations=32 (full 5):
 PSYoungGen      total 532992K, used 532982K [0x00000000d5580000, 0x0000000100000000, 0x0000000100000000)
  eden space 435712K, 100% used [0x00000000d5580000,0x00000000eff00000,0x00000000eff00000)
  from space 97280K, 99% used [0x00000000fa100000,0x00000000ffffd9e0,0x0000000100000000)
  to   space 131584K, 0% used [0x00000000eff00000,0x00000000eff00000,0x00000000f7f80000)
 ParOldGen       total 352256K, used 235808K [0x0000000080000000, 0x0000000095800000, 0x00000000d5580000)
  object space 352256K, 66% used [0x0000000080000000,0x000000008e648020,0x0000000095800000)
 Metaspace       used 173956K, capacity 185568K, committed 185624K, reserved 1210368K
  class space    used 22550K, capacity 24599K, committed 24616K, reserved 1048576K
Event: 2154.345 GC heap after
Heap after GC invocations=32 (full 5):
 PSYoungGen      total 567296K, used 51191K [0x00000000d5580000, 0x0000000100000000, 0x0000000100000000)
  eden space 435712K, 0% used [0x00000000d5580000,0x00000000d5580000,0x00000000eff00000)
  from space 131584K, 38% used [0x00000000eff00000,0x00000000f30fdfe0,0x00000000f7f80000)
  to   space 123392K, 0% used [0x00000000f8780000,0x00000000f8780000,0x0000000100000000)
 ParOldGen       total 352256K, used 273501K [0x0000000080000000, 0x0000000095800000, 0x00000000d5580000)
  object space 352256K, 77% used [0x0000000080000000,0x0000000090b17440,0x0000000095800000)
 Metaspace       used 173956K, capacity 185568K, committed 185624K, reserved 1210368K
  class space    used 22550K, capacity 24599K, committed 24616K, reserved 1048576K
}
Event: 2167.436 GC heap before
{Heap before GC invocations=33 (full 5):
 PSYoungGen      total 567296K, used 486903K [0x00000000d5580000, 0x0000000100000000, 0x0000000100000000)
  eden space 435712K, 100% used [0x00000000d5580000,0x00000000eff00000,0x00000000eff00000)
  from space 131584K, 38% used [0x00000000eff00000,0x00000000f30fdfe0,0x00000000f7f80000)
  to   space 123392K, 0% used [0x00000000f8780000,0x00000000f8780000,0x0000000100000000)
 ParOldGen       total 352256K, used 273501K [0x0000000080000000, 0x0000000095800000, 0x00000000d5580000)
  object space 352256K, 77% used [0x0000000080000000,0x0000000090b17440,0x0000000095800000)
 Metaspace       used 177893K, capacity 189672K, committed 189720K, reserved 1214464K
  class space    used 22989K, capacity 25089K, committed 25128K, reserved 1048576K
Event: 2167.825 GC heap after
Heap after GC invocations=33 (full 5):
 PSYoungGen      total 558080K, used 12936K [0x00000000d5580000, 0x00000000ff700000, 0x0000000100000000)
  eden space 443904K, 0% used [0x00000000d5580000,0x00000000d5580000,0x00000000f0700000)
  from space 114176K, 11% used [0x00000000f8780000,0x00000000f9422228,0x00000000ff700000)
  to   space 122880K, 0% used [0x00000000f0700000,0x00000000f0700000,0x00000000f7f00000)
 ParOldGen       total 352256K, used 306217K [0x0000000080000000, 0x0000000095800000, 0x00000000d5580000)
  object space 352256K, 86% used [0x0000000080000000,0x0000000092b0a490,0x0000000095800000)
 Metaspace       used 177893K, capacity 189672K, committed 189720K, reserved 1214464K
  class space    used 22989K, capacity 25089K, committed 25128K, reserved 1048576K
}
Event: 2167.825 GC heap before
{Heap before GC invocations=34 (full 6):
 PSYoungGen      total 558080K, used 12936K [0x00000000d5580000, 0x00000000ff700000, 0x0000000100000000)
  eden space 443904K, 0% used [0x00000000d5580000,0x00000000d5580000,0x00000000f0700000)
  from space 114176K, 11% used [0x00000000f8780000,0x00000000f9422228,0x00000000ff700000)
  to   space 122880K, 0% used [0x00000000f0700000,0x00000000f0700000,0x00000000f7f00000)
 ParOldGen       total 352256K, used 306217K [0x0000000080000000, 0x0000000095800000, 0x00000000d5580000)
  object space 352256K, 86% used [0x0000000080000000,0x0000000092b0a490,0x0000000095800000)
 Metaspace       used 177893K, capacity 189672K, committed 189720K, reserved 1214464K
  class space    used 22989K, capacity 25089K, committed 25128K, reserved 1048576K
Event: 2169.313 GC heap after
Heap after GC invocations=34 (full 6):
 PSYoungGen      total 558080K, used 0K [0x00000000d5580000, 0x00000000ff700000, 0x0000000100000000)
  eden space 443904K, 0% used [0x00000000d5580000,0x00000000d5580000,0x00000000f0700000)
  from space 114176K, 0% used [0x00000000f8780000,0x00000000f8780000,0x00000000ff700000)
  to   space 122880K, 0% used [0x00000000f0700000,0x00000000f0700000,0x00000000f7f00000)
 ParOldGen       total 317440K, used 124872K [0x0000000080000000, 0x0000000093600000, 0x00000000d5580000)
  object space 317440K, 39% used [0x0000000080000000,0x00000000879f21a0,0x0000000093600000)
 Metaspace       used 175054K, capacity 186210K, committed 189720K, reserved 1214464K
  class space    used 22572K, capacity 24508K, committed 25128K, reserved 1048576K
}
Event: 2348.988 GC heap before
{Heap before GC invocations=35 (full 6):
 PSYoungGen      total 558080K, used 443904K [0x00000000d5580000, 0x00000000ff700000, 0x0000000100000000)
  eden space 443904K, 100% used [0x00000000d5580000,0x00000000f0700000,0x00000000f0700000)
  from space 114176K, 0% used [0x00000000f8780000,0x00000000f8780000,0x00000000ff700000)
  to   space 122880K, 0% used [0x00000000f0700000,0x00000000f0700000,0x00000000f7f00000)
 ParOldGen       total 317440K, used 124872K [0x0000000080000000, 0x0000000093600000, 0x00000000d5580000)
  object space 317440K, 39% used [0x0000000080000000,0x00000000879f21a0,0x0000000093600000)
 Metaspace       used 175374K, capacity 186960K, committed 189720K, reserved 1214464K
  class space    used 22624K, capacity 24601K, committed 25128K, reserved 1048576K
Event: 2349.113 GC heap after
Heap after GC invocations=35 (full 6):
 PSYoungGen      total 566784K, used 4807K [0x00000000d5580000, 0x0000000100000000, 0x0000000100000000)
  eden space 443904K, 0% used [0x00000000d5580000,0x00000000d5580000,0x00000000f0700000)
  from space 122880K, 3% used [0x00000000f0700000,0x00000000f0bb1ef0,0x00000000f7f00000)
  to   space 122368K, 0% used [0x00000000f8880000,0x00000000f8880000,0x0000000100000000)
 ParOldGen       total 317440K, used 124880K [0x0000000080000000, 0x0000000093600000, 0x00000000d5580000)
  object space 317440K, 39% used [0x0000000080000000,0x00000000879f41a0,0x0000000093600000)
 Metaspace       used 175374K, capacity 186960K, committed 189720K, reserved 1214464K
  class space    used 22624K, capacity 24601K, committed 25128K, reserved 1048576K
}

